<?xml version="1.0" encoding="UTF-8" standalone="no"?>
<!DOCTYPE log SYSTEM "logger.dtd">
<log>
<record>
  <date>2019-04-23T14:52:04</date>
  <millis>1556023924263</millis>
  <sequence>5</sequence>
  <logger>com.przemo.RestAPI.aspect.AspectForControllers</logger>
  <level>INFO</level>
  <class>com.przemo.RestAPI.aspect.AspectForControllers</class>
  <method>getMethodAdvice</method>
  <thread>27</thread>
  <message>info logger</message>
</record>
<record>
  <date>2019-04-23T14:52:04</date>
  <millis>1556023924268</millis>
  <sequence>6</sequence>
  <logger>com.przemo.RestAPI.aspect.AspectForControllers</logger>
  <level>WARNING</level>
  <class>com.przemo.RestAPI.aspect.AspectForControllers</class>
  <method>getMethodAdvice</method>
  <thread>27</thread>
  <message>info logger</message>
</record>
<record>
  <date>2019-04-23T14:53:05</date>
  <millis>1556023985665</millis>
  <sequence>7</sequence>
  <logger>com.przemo.RestAPI.aspect.AspectForControllers</logger>
  <level>INFO</level>
  <class>com.przemo.RestAPI.aspect.AspectForControllers</class>
  <method>getMethodAdvice</method>
  <thread>29</thread>
  <message>info logger</message>
</record>
<record>
  <date>2019-04-23T14:53:05</date>
  <millis>1556023985666</millis>
  <sequence>8</sequence>
  <logger>com.przemo.RestAPI.aspect.AspectForControllers</logger>
  <level>WARNING</level>
  <class>com.przemo.RestAPI.aspect.AspectForControllers</class>
  <method>getMethodAdvice</method>
  <thread>29</thread>
  <message>info logger</message>
</record>
<?xml version="1.0" encoding="UTF-8" standalone="no"?>
<!DOCTYPE log SYSTEM "logger.dtd">
<log>
<record>
  <date>2019-04-24T12:15:21</date>
  <millis>1556100921815</millis>
  <sequence>6</sequence>
  <logger>com.przemo.RestAPI.aspect.AspectForControllers</logger>
  <level>INFO</level>
  <class>com.przemo.RestAPI.aspect.AspectForControllers</class>
  <method>getMethodAdvice</method>
  <thread>28</thread>
  <message>Trying to get objects with method :</message>
</record>
<record>
  <date>2019-04-24T12:15:21</date>
  <millis>1556100921821</millis>
  <sequence>7</sequence>
  <logger>com.przemo.RestAPI.aspect.AspectForControllers</logger>
  <level>INFO</level>
  <class>com.przemo.RestAPI.aspect.AspectForControllers</class>
  <method>getMethodAdvice</method>
  <thread>28</thread>
  <message>Subject com.przemo.RestAPI.controllers.SubjectController.getOne(int)</message>
</record>
<record>
  <date>2019-04-24T12:16:36</date>
  <millis>1556100996406</millis>
  <sequence>14</sequence>
  <logger>com.przemo.RestAPI.aspect.AspectForControllers</logger>
  <level>INFO</level>
  <class>com.przemo.RestAPI.aspect.AspectForControllers</class>
  <method>getMethodAdvice</method>
  <thread>54</thread>
  <message>Trying to get objects with method :</message>
</record>
<record>
  <date>2019-04-24T12:16:36</date>
  <millis>1556100996409</millis>
  <sequence>15</sequence>
  <logger>com.przemo.RestAPI.aspect.AspectForControllers</logger>
  <level>INFO</level>
  <class>com.przemo.RestAPI.aspect.AspectForControllers</class>
  <method>getMethodAdvice</method>
  <thread>54</thread>
  <message>List com.przemo.RestAPI.controllers.SubjectController.getSubject()</message>
</record>
<record>
  <date>2019-04-24T12:20:26</date>
  <millis>1556101226864</millis>
  <sequence>22</sequence>
  <logger>com.przemo.RestAPI.aspect.AspectForControllers</logger>
  <level>INFO</level>
  <class>com.przemo.RestAPI.aspect.AspectForControllers</class>
  <method>getMethodAdvice</method>
  <thread>80</thread>
  <message>Trying to get objects with method :</message>
</record>
<record>
  <date>2019-04-24T12:20:26</date>
  <millis>1556101226867</millis>
  <sequence>23</sequence>
  <logger>com.przemo.RestAPI.aspect.AspectForControllers</logger>
  <level>INFO</level>
  <class>com.przemo.RestAPI.aspect.AspectForControllers</class>
  <method>getMethodAdvice</method>
  <thread>80</thread>
  <message>List com.przemo.RestAPI.controllers.SubjectController.getSubject()</message>
</record>
<record>
  <date>2019-04-24T12:24:01</date>
  <millis>1556101441156</millis>
  <sequence>30</sequence>
  <logger>com.przemo.RestAPI.aspect.AspectForControllers</logger>
  <level>INFO</level>
  <class>com.przemo.RestAPI.aspect.AspectForControllers</class>
  <method>getMethodAdvice</method>
  <thread>106</thread>
  <message>Trying to get objects with method :</message>
</record>
<record>
  <date>2019-04-24T12:24:01</date>
  <millis>1556101441159</millis>
  <sequence>31</sequence>
  <logger>com.przemo.RestAPI.aspect.AspectForControllers</logger>
  <level>INFO</level>
  <class>com.przemo.RestAPI.aspect.AspectForControllers</class>
  <method>getMethodAdvice</method>
  <thread>106</thread>
  <message>List com.przemo.RestAPI.controllers.SubjectController.getSubject()</message>
</record>
<record>
  <date>2019-04-24T12:24:01</date>
  <millis>1556101441180</millis>
  <sequence>32</sequence>
  <logger>com.przemo.RestAPI.aspect.AspectForControllers</logger>
  <level>INFO</level>
  <class>com.przemo.RestAPI.aspect.AspectForControllers</class>
  <method>afterGetMethodSuccessfully</method>
  <thread>106</thread>
  <message>successfully used get* method null</message>
</record>
<record>
  <date>2019-04-24T12:24:15</date>
  <millis>1556101455534</millis>
  <sequence>39</sequence>
  <logger>com.przemo.RestAPI.aspect.AspectForControllers</logger>
  <level>INFO</level>
  <class>com.przemo.RestAPI.aspect.AspectForControllers</class>
  <method>getMethodAdvice</method>
  <thread>132</thread>
  <message>Trying to get objects with method :</message>
</record>
<record>
  <date>2019-04-24T12:24:15</date>
  <millis>1556101455536</millis>
  <sequence>40</sequence>
  <logger>com.przemo.RestAPI.aspect.AspectForControllers</logger>
  <level>INFO</level>
  <class>com.przemo.RestAPI.aspect.AspectForControllers</class>
  <method>getMethodAdvice</method>
  <thread>132</thread>
  <message>List com.przemo.RestAPI.controllers.SubjectController.getSubject()</message>
</record>
<record>
  <date>2019-04-24T12:24:15</date>
  <millis>1556101455555</millis>
  <sequence>41</sequence>
  <logger>com.przemo.RestAPI.aspect.AspectForControllers</logger>
  <level>INFO</level>
  <class>com.przemo.RestAPI.aspect.AspectForControllers</class>
  <method>afterGetMethodSuccessfully</method>
  <thread>132</thread>
  <message>successfully used get* method </message>
</record>
<record>
  <date>2019-04-24T12:24:22</date>
  <millis>1556101462193</millis>
  <sequence>42</sequence>
  <logger>com.przemo.RestAPI.aspect.AspectForControllers</logger>
  <level>INFO</level>
  <class>com.przemo.RestAPI.aspect.AspectForControllers</class>
  <method>getMethodAdvice</method>
  <thread>135</thread>
  <message>Trying to get objects with method :</message>
</record>
<record>
  <date>2019-04-24T12:24:22</date>
  <millis>1556101462195</millis>
  <sequence>43</sequence>
  <logger>com.przemo.RestAPI.aspect.AspectForControllers</logger>
  <level>INFO</level>
  <class>com.przemo.RestAPI.aspect.AspectForControllers</class>
  <method>getMethodAdvice</method>
  <thread>135</thread>
  <message>Subject com.przemo.RestAPI.controllers.SubjectController.getOne(int)</message>
</record>
<record>
  <date>2019-04-24T12:24:22</date>
  <millis>1556101462205</millis>
  <sequence>44</sequence>
  <logger>com.przemo.RestAPI.aspect.AspectForControllers</logger>
  <level>INFO</level>
  <class>com.przemo.RestAPI.aspect.AspectForControllers</class>
  <method>afterGetMethodSuccessfully</method>
  <thread>135</thread>
  <message>successfully used get* method  on object with id : 1</message>
</record>
<?xml version="1.0" encoding="UTF-8" standalone="no"?>
<!DOCTYPE log SYSTEM "logger.dtd">
<log>
<record>
  <date>2019-04-25T15:54:54</date>
  <millis>1556200494293</millis>
  <sequence>5</sequence>
  <logger>com.przemo.RestAPI.aspect.AspectForControllers</logger>
  <level>INFO</level>
  <class>com.przemo.RestAPI.aspect.AspectForControllers</class>
  <method>beforeAddNewStudent</method>
  <thread>27</thread>
  <message>trying to add new Student with method</message>
</record>
<record>
  <date>2019-04-25T15:54:54</date>
  <millis>1556200494299</millis>
  <sequence>6</sequence>
  <logger>com.przemo.RestAPI.aspect.AspectForControllers</logger>
  <level>INFO</level>
  <class>com.przemo.RestAPI.aspect.AspectForControllers</class>
  <method>beforeAddNewStudent</method>
  <thread>27</thread>
  <message>Student com.przemo.RestAPI.controllers.StudentController.addStudent(Student)</message>
</record>
<record>
  <date>2019-04-25T15:54:54</date>
  <millis>1556200494300</millis>
  <sequence>7</sequence>
  <logger>com.przemo.RestAPI.aspect.AspectForControllers</logger>
  <level>INFO</level>
  <class>com.przemo.RestAPI.aspect.AspectForControllers</class>
  <method>beforeAddNewStudent</method>
  <thread>27</thread>
  <message>com.przemo.RestAPI.entity.user.Student@e74e6ba</message>
</record>
<record>
  <date>2019-04-25T15:54:54</date>
  <millis>1556200494417</millis>
  <sequence>8</sequence>
  <logger>com.przemo.RestAPI.aspect.AspectForControllers</logger>
  <level>INFO</level>
  <class>com.przemo.RestAPI.aspect.AspectForControllers</class>
  <method>afterSuccessfullyAddNewStudent</method>
  <thread>27</thread>
  <message>successfully added student with id 7</message>
</record>
<?xml version="1.0" encoding="UTF-8" standalone="no"?>
<!DOCTYPE log SYSTEM "logger.dtd">
<log>
<record>
  <date>2019-04-25T18:08:28</date>
  <millis>1556208508183</millis>
  <sequence>5</sequence>
  <logger>com.przemo.RestAPI.aspect.AspectForControllers</logger>
  <level>INFO</level>
  <class>com.przemo.RestAPI.aspect.AspectForControllers</class>
  <method>beforeAddNewStudent</method>
  <thread>27</thread>
  <message>trying to add new Student with method</message>
</record>
<record>
  <date>2019-04-25T18:08:28</date>
  <millis>1556208508189</millis>
  <sequence>6</sequence>
  <logger>com.przemo.RestAPI.aspect.AspectForControllers</logger>
  <level>INFO</level>
  <class>com.przemo.RestAPI.aspect.AspectForControllers</class>
  <method>beforeAddNewStudent</method>
  <thread>27</thread>
  <message>Student com.przemo.RestAPI.controllers.StudentController.addStudent(Student)</message>
</record>
<record>
  <date>2019-04-25T18:08:28</date>
  <millis>1556208508190</millis>
  <sequence>7</sequence>
  <logger>com.przemo.RestAPI.aspect.AspectForControllers</logger>
  <level>INFO</level>
  <class>com.przemo.RestAPI.aspect.AspectForControllers</class>
  <method>beforeAddNewStudent</method>
  <thread>27</thread>
  <message>User [user_id=0, firstname=Przasdemo2, lastname=Emo, password=5656]</message>
</record>
<record>
  <date>2019-04-25T18:08:28</date>
  <millis>1556208508295</millis>
  <sequence>8</sequence>
  <logger>com.przemo.RestAPI.aspect.AspectForControllers</logger>
  <level>INFO</level>
  <class>com.przemo.RestAPI.aspect.AspectForControllers</class>
  <method>afterSuccessfullyAddNewStudent</method>
  <thread>27</thread>
  <message>successfully added student with id 12</message>
</record>
<record>
  <date>2019-04-25T18:08:53</date>
  <millis>1556208533050</millis>
  <sequence>15</sequence>
  <logger>com.przemo.RestAPI.aspect.AspectForControllers</logger>
  <level>INFO</level>
  <class>com.przemo.RestAPI.aspect.AspectForControllers</class>
  <method>beforeAddNewStudent</method>
  <thread>54</thread>
  <message>trying to add new Student with method</message>
</record>
<record>
  <date>2019-04-25T18:08:53</date>
  <millis>1556208533052</millis>
  <sequence>16</sequence>
  <logger>com.przemo.RestAPI.aspect.AspectForControllers</logger>
  <level>INFO</level>
  <class>com.przemo.RestAPI.aspect.AspectForControllers</class>
  <method>beforeAddNewStudent</method>
  <thread>54</thread>
  <message>Student com.przemo.RestAPI.controllers.StudentController.addStudent(Student)</message>
</record>
<record>
  <date>2019-04-25T18:08:53</date>
  <millis>1556208533053</millis>
  <sequence>17</sequence>
  <logger>com.przemo.RestAPI.aspect.AspectForControllers</logger>
  <level>INFO</level>
  <class>com.przemo.RestAPI.aspect.AspectForControllers</class>
  <method>beforeAddNewStudent</method>
  <thread>54</thread>
  <message>User [user_id=0, firstname=Przasdemo2, lastname=Emo, password=5656]</message>
</record>
<record>
  <date>2019-04-25T18:08:53</date>
  <millis>1556208533224</millis>
  <sequence>18</sequence>
  <logger>com.przemo.RestAPI.aspect.AspectForControllers</logger>
  <level>INFO</level>
  <class>com.przemo.RestAPI.aspect.AspectForControllers</class>
  <method>afterSuccessfullyAddNewStudent</method>
  <thread>54</thread>
  <message>successfully added student with id 13</message>
</record>
<record>
  <date>2019-04-25T18:09:00</date>
  <millis>1556208540665</millis>
  <sequence>19</sequence>
  <logger>com.przemo.RestAPI.aspect.AspectForControllers</logger>
  <level>INFO</level>
  <class>com.przemo.RestAPI.aspect.AspectForControllers</class>
  <method>beforeAddNewStudent</method>
  <thread>55</thread>
  <message>trying to add new Student with method</message>
</record>
<record>
  <date>2019-04-25T18:09:00</date>
  <millis>1556208540667</millis>
  <sequence>20</sequence>
  <logger>com.przemo.RestAPI.aspect.AspectForControllers</logger>
  <level>INFO</level>
  <class>com.przemo.RestAPI.aspect.AspectForControllers</class>
  <method>beforeAddNewStudent</method>
  <thread>55</thread>
  <message>Student com.przemo.RestAPI.controllers.StudentController.addStudent(Student)</message>
</record>
<record>
  <date>2019-04-25T18:09:00</date>
  <millis>1556208540667</millis>
  <sequence>21</sequence>
  <logger>com.przemo.RestAPI.aspect.AspectForControllers</logger>
  <level>INFO</level>
  <class>com.przemo.RestAPI.aspect.AspectForControllers</class>
  <method>beforeAddNewStudent</method>
  <thread>55</thread>
  <message>User [user_id=0, firstname=Przasdemo2, lastname=Emo, password=5656]</message>
</record>
<record>
  <date>2019-04-25T18:09:00</date>
  <millis>1556208540742</millis>
  <sequence>22</sequence>
  <logger>com.przemo.RestAPI.aspect.AspectForControllers</logger>
  <level>INFO</level>
  <class>com.przemo.RestAPI.aspect.AspectForControllers</class>
  <method>afterSuccessfullyAddNewStudent</method>
  <thread>55</thread>
  <message>successfully added student with id 14</message>
</record>
<?xml version="1.0" encoding="UTF-8" standalone="no"?>
<!DOCTYPE log SYSTEM "logger.dtd">
<log>
<record>
  <date>2019-04-25T20:55:03</date>
  <millis>1556218503973</millis>
  <sequence>5</sequence>
  <logger>com.przemo.RestAPI.aspect.AspectForControllers</logger>
  <level>INFO</level>
  <class>com.przemo.RestAPI.aspect.AspectForControllers</class>
  <method>beforedeleteStudent</method>
  <thread>27</thread>
  <message>trying to delete Student with id 22 and method</message>
</record>
<record>
  <date>2019-04-25T20:55:03</date>
  <millis>1556218503979</millis>
  <sequence>6</sequence>
  <logger>com.przemo.RestAPI.aspect.AspectForControllers</logger>
  <level>INFO</level>
  <class>com.przemo.RestAPI.aspect.AspectForControllers</class>
  <method>beforedeleteStudent</method>
  <thread>27</thread>
  <message>void com.przemo.RestAPI.controllers.StudentController.deleteStudent(int)</message>
</record>
<record>
  <date>2019-04-25T20:55:04</date>
  <millis>1556218504037</millis>
  <sequence>7</sequence>
  <logger>com.przemo.RestAPI.aspect.AspectForControllers</logger>
  <level>WARNING</level>
  <class>com.przemo.RestAPI.aspect.AspectForControllers</class>
  <method>afterdeletedThrowException</method>
  <thread>27</thread>
  <message>Cant delete Student</message>
</record>
<record>
  <date>2019-04-25T20:55:25</date>
  <millis>1556218525404</millis>
  <sequence>8</sequence>
  <logger>com.przemo.RestAPI.aspect.AspectForControllers</logger>
  <level>INFO</level>
  <class>com.przemo.RestAPI.aspect.AspectForControllers</class>
  <method>beforedeleteStudent</method>
  <thread>28</thread>
  <message>trying to delete Student with id 19 and method</message>
</record>
<record>
  <date>2019-04-25T20:55:25</date>
  <millis>1556218525406</millis>
  <sequence>9</sequence>
  <logger>com.przemo.RestAPI.aspect.AspectForControllers</logger>
  <level>INFO</level>
  <class>com.przemo.RestAPI.aspect.AspectForControllers</class>
  <method>beforedeleteStudent</method>
  <thread>28</thread>
  <message>void com.przemo.RestAPI.controllers.StudentController.deleteStudent(int)</message>
</record>
<record>
  <date>2019-04-25T20:55:25</date>
  <millis>1556218525542</millis>
  <sequence>10</sequence>
  <logger>com.przemo.RestAPI.aspect.AspectForControllers</logger>
  <level>INFO</level>
  <class>com.przemo.RestAPI.aspect.AspectForControllers</class>
  <method>afterSuccessdeleteStudent</method>
  <thread>28</thread>
  <message>successfully deleted student with id 19</message>
</record>
